<?xml version="1.0" encoding="UTF-8"?>
<!-- Generated by org.testng.reporters.JUnitReportReporter -->
<testsuite name="com.define.testng.pro.TestingScenario" tests="1" time="19.769" ignored="0" failures="0" timestamp="19 Dec 2018 14:50:20 GMT" skipped="0" hostname="DESKTOP-0AA0O4F" errors="0">
  <testcase name="testCase_01" time="19.769" classname="com.define.testng.pro.TestingScenario"/>
</testsuite> <!-- com.define.testng.pro.TestingScenario -->
